<?xml version="1.0" encoding="UTF-8"?>
<testng-results ignored="0" total="2" passed="2" failed="0" skipped="0">
  <reporter-output>
  </reporter-output>
  <suite started-at="2020-09-26T21:46:34 EET" name="Suite" finished-at="2020-09-26T21:47:25 EET" duration-ms="50605">
    <groups>
    </groups>
    <test started-at="2020-09-26T21:46:34 EET" name="FirefoxTest" finished-at="2020-09-26T21:47:18 EET" duration-ms="43845">
      <class name="eSpace.FirstAutomationTest.CrossBrowsersTest">
        <test-method is-config="true" signature="StartingDriver(java.lang.String)[pri:0, instance:eSpace.FirstAutomationTest.CrossBrowsersTest@3967e60c]" started-at="2020-09-26T21:46:34 EET" name="StartingDriver" finished-at="2020-09-26T21:46:50 EET" duration-ms="15425" status="PASS">
          <params>
            <param index="0">
              <value>
                <![CDATA[Firefox]]>
              </value>
            </param>
          </params>
          <reporter-output>
          </reporter-output>
        </test-method> <!-- StartingDriver -->
        <test-method signature="loginTest()[pri:0, instance:eSpace.FirstAutomationTest.CrossBrowsersTest@3967e60c]" started-at="2020-09-26T21:46:50 EET" name="loginTest" finished-at="2020-09-26T21:47:14 EET" duration-ms="23968" status="PASS">
          <reporter-output>
          </reporter-output>
        </test-method> <!-- loginTest -->
        <test-method is-config="true" signature="ClosingDriver()[pri:0, instance:eSpace.FirstAutomationTest.CrossBrowsersTest@3967e60c]" started-at="2020-09-26T21:47:14 EET" name="ClosingDriver" finished-at="2020-09-26T21:47:18 EET" duration-ms="4422" status="PASS">
          <reporter-output>
          </reporter-output>
        </test-method> <!-- ClosingDriver -->
      </class> <!-- eSpace.FirstAutomationTest.CrossBrowsersTest -->
    </test> <!-- FirefoxTest -->
    <test started-at="2020-09-26T21:46:34 EET" name="ChromeTest" finished-at="2020-09-26T21:47:25 EET" duration-ms="50605">
      <class name="eSpace.FirstAutomationTest.CrossBrowsersTest">
        <test-method is-config="true" signature="StartingDriver(java.lang.String)[pri:0, instance:eSpace.FirstAutomationTest.CrossBrowsersTest@54c562f7]" started-at="2020-09-26T21:46:34 EET" name="StartingDriver" finished-at="2020-09-26T21:46:49 EET" duration-ms="14755" status="PASS">
          <params>
            <param index="0">
              <value>
                <![CDATA[Chrome]]>
              </value>
            </param>
          </params>
          <reporter-output>
          </reporter-output>
        </test-method> <!-- StartingDriver -->
        <test-method signature="loginTest()[pri:0, instance:eSpace.FirstAutomationTest.CrossBrowsersTest@54c562f7]" started-at="2020-09-26T21:46:49 EET" name="loginTest" finished-at="2020-09-26T21:47:24 EET" duration-ms="34931" status="PASS">
          <reporter-output>
          </reporter-output>
        </test-method> <!-- loginTest -->
        <test-method is-config="true" signature="ClosingDriver()[pri:0, instance:eSpace.FirstAutomationTest.CrossBrowsersTest@54c562f7]" started-at="2020-09-26T21:47:24 EET" name="ClosingDriver" finished-at="2020-09-26T21:47:25 EET" duration-ms="836" status="PASS">
          <reporter-output>
          </reporter-output>
        </test-method> <!-- ClosingDriver -->
      </class> <!-- eSpace.FirstAutomationTest.CrossBrowsersTest -->
    </test> <!-- ChromeTest -->
  </suite> <!-- Suite -->
</testng-results>
